Determining if the pthread_create exist failed with the following output:
Change Dir: /home/hubery/hubery_ff/calibration/imu_utils_ws/build/CMakeFiles/CMakeTmp

Run Build Command:"/usr/bin/make" "cmTC_5fa7e/fast"
/usr/bin/make -f CMakeFiles/cmTC_5fa7e.dir/build.make CMakeFiles/cmTC_5fa7e.dir/build
make[1]: 进入目录“/home/hubery/hubery_ff/calibration/imu_utils_ws/build/CMakeFiles/CMakeTmp”
Building C object CMakeFiles/cmTC_5fa7e.dir/CheckSymbolExists.c.o
/usr/bin/cc    -o CMakeFiles/cmTC_5fa7e.dir/CheckSymbolExists.c.o   -c /home/hubery/hubery_ff/calibration/imu_utils_ws/build/CMakeFiles/CMakeTmp/CheckSymbolExists.c
Linking C executable cmTC_5fa7e
/usr/bin/cmake -E cmake_link_script CMakeFiles/cmTC_5fa7e.dir/link.txt --verbose=1
/usr/bin/cc      -rdynamic CMakeFiles/cmTC_5fa7e.dir/CheckSymbolExists.c.o  -o cmTC_5fa7e 
CMakeFiles/cmTC_5fa7e.dir/CheckSymbolExists.c.o：在函数‘main’中：
CheckSymbolExists.c:(.text+0x1b)：对‘pthread_create’未定义的引用
collect2: error: ld returned 1 exit status
CMakeFiles/cmTC_5fa7e.dir/build.make:97: recipe for target 'cmTC_5fa7e' failed
make[1]: *** [cmTC_5fa7e] Error 1
make[1]: 离开目录“/home/hubery/hubery_ff/calibration/imu_utils_ws/build/CMakeFiles/CMakeTmp”
Makefile:126: recipe for target 'cmTC_5fa7e/fast' failed
make: *** [cmTC_5fa7e/fast] Error 2

File /home/hubery/hubery_ff/calibration/imu_utils_ws/build/CMakeFiles/CMakeTmp/CheckSymbolExists.c:
/* */
#include <pthread.h>

int main(int argc, char** argv)
{
  (void)argv;
#ifndef pthread_create
  return ((int*)(&pthread_create))[argc];
#else
  (void)argc;
  return 0;
#endif
}

Determining if the function pthread_create exists in the pthreads failed with the following output:
Change Dir: /home/hubery/hubery_ff/calibration/imu_utils_ws/build/CMakeFiles/CMakeTmp

Run Build Command:"/usr/bin/make" "cmTC_03b56/fast"
/usr/bin/make -f CMakeFiles/cmTC_03b56.dir/build.make CMakeFiles/cmTC_03b56.dir/build
make[1]: 进入目录“/home/hubery/hubery_ff/calibration/imu_utils_ws/build/CMakeFiles/CMakeTmp”
Building C object CMakeFiles/cmTC_03b56.dir/CheckFunctionExists.c.o
/usr/bin/cc   -DCHECK_FUNCTION_EXISTS=pthread_create   -o CMakeFiles/cmTC_03b56.dir/CheckFunctionExists.c.o   -c /usr/share/cmake-3.10/Modules/CheckFunctionExists.c
Linking C executable cmTC_03b56
/usr/bin/cmake -E cmake_link_script CMakeFiles/cmTC_03b56.dir/link.txt --verbose=1
/usr/bin/cc  -DCHECK_FUNCTION_EXISTS=pthread_create    -rdynamic CMakeFiles/cmTC_03b56.dir/CheckFunctionExists.c.o  -o cmTC_03b56 -lpthreads 
/usr/bin/ld: 找不到 -lpthreads
collect2: error: ld returned 1 exit status
CMakeFiles/cmTC_03b56.dir/build.make:97: recipe for target 'cmTC_03b56' failed
make[1]: *** [cmTC_03b56] Error 1
make[1]: 离开目录“/home/hubery/hubery_ff/calibration/imu_utils_ws/build/CMakeFiles/CMakeTmp”
Makefile:126: recipe for target 'cmTC_03b56/fast' failed
make: *** [cmTC_03b56/fast] Error 2


